c:\users\денис\desktop\vodka_samp\vodka_samp\release\vc120.pdb
c:\users\денис\desktop\vodka_samp\vodka_samp\release\amxplugin.obj
c:\users\денис\desktop\vodka_samp\vodka_samp\release\main.obj
c:\users\денис\desktop\vodka_samp\vodka_samp\release\invoke.obj
c:\users\денис\desktop\vodka_samp\vodka_samp\release\vc140.pdb
c:\users\денис\desktop\vodka_samp\vodka_samp\release\inireader.obj
c:\users\денис\desktop\vodka_samp\vodka_samp\release\ini.obj
c:\users\денис\desktop\vodka_samp\release\vodka_samp.dll
c:\users\денис\desktop\vodka_samp\release\vodka_samp.ipdb
c:\users\денис\desktop\vodka_samp\release\vodka_samp.iobj
c:\users\денис\desktop\vodka_samp\release\vodka_samp.pdb
c:\users\денис\desktop\vodka_samp\release\vodka_samp.lib
c:\users\денис\desktop\vodka_samp\release\vodka_samp.exp
c:\users\денис\desktop\vodka_samp\vodka_samp\release\vodka_samp.tlog\cl.command.1.tlog
c:\users\денис\desktop\vodka_samp\vodka_samp\release\vodka_samp.tlog\cl.read.1.tlog
c:\users\денис\desktop\vodka_samp\vodka_samp\release\vodka_samp.tlog\cl.write.1.tlog
c:\users\денис\desktop\vodka_samp\vodka_samp\release\vodka_samp.tlog\link.command.1.tlog
c:\users\денис\desktop\vodka_samp\vodka_samp\release\vodka_samp.tlog\link.read.1.tlog
c:\users\денис\desktop\vodka_samp\vodka_samp\release\vodka_samp.tlog\link.write.1.tlog
c:\users\денис\desktop\vodka_samp\vodka_samp\release\vodka_samp.tlog\vodka_samp.write.1u.tlog
